<?xml version="1.0" encoding="UTF-8"?>
<testsuite xmlns:xsi="http://www.w3.org/2001/XMLSchema-instance" xsi:noNamespaceSchemaLocation="https://maven.apache.org/surefire/maven-surefire-plugin/xsd/surefire-test-report.xsd" version="3.0.2" name="com.esotericsoftware.kryo.serializers.TimeSerializersTest" time="0.013" tests="14" errors="0" skipped="0" failures="0">
  <properties>
    <property name="java.specification.version" value="22"/>
    <property name="sun.jnu.encoding" value="UTF-8"/>
    <property name="java.class.path" value="/Users/jrx/UCI Summer Program/Benchmarks-for-LLM/Kryo/target/test-classes:/Users/jrx/UCI Summer Program/Benchmarks-for-LLM/Kryo/target/classes:/Users/jrx/UCI Summer Program/Benchmarks-for-LLM/Kryo/target/kryo-5.6.1-SNAPSHOT.jar:/Users/jrx/.m2/repository/com/esotericsoftware/reflectasm/1.11.9/reflectasm-1.11.9.jar:/Users/jrx/.m2/repository/org/objenesis/objenesis/3.4/objenesis-3.4.jar:/Users/jrx/.m2/repository/com/esotericsoftware/minlog/1.3.1/minlog-1.3.1.jar:/Users/jrx/.m2/repository/org/junit/jupiter/junit-jupiter-api/5.10.3/junit-jupiter-api-5.10.3.jar:/Users/jrx/.m2/repository/org/opentest4j/opentest4j/1.3.0/opentest4j-1.3.0.jar:/Users/jrx/.m2/repository/org/junit/platform/junit-platform-commons/1.10.3/junit-platform-commons-1.10.3.jar:/Users/jrx/.m2/repository/org/apiguardian/apiguardian-api/1.1.2/apiguardian-api-1.1.2.jar:/Users/jrx/.m2/repository/org/junit/jupiter/junit-jupiter-engine/5.10.3/junit-jupiter-engine-5.10.3.jar:/Users/jrx/.m2/repository/org/junit/platform/junit-platform-engine/1.10.3/junit-platform-engine-1.10.3.jar:/Users/jrx/.m2/repository/org/junit/jupiter/junit-jupiter-params/5.10.3/junit-jupiter-params-5.10.3.jar:/Users/jrx/.m2/repository/org/apache/commons/commons-lang3/3.15.0/commons-lang3-3.15.0.jar:/Users/jrx/.m2/repository/org/jetbrains/kotlin/kotlin-stdlib/1.9.24/kotlin-stdlib-1.9.24.jar:/Users/jrx/.m2/repository/org/jetbrains/annotations/13.0/annotations-13.0.jar:"/>
    <property name="java.vm.vendor" value="Homebrew"/>
    <property name="sun.arch.data.model" value="64"/>
    <property name="java.vendor.url" value="https://github.com/Homebrew/homebrew-core/issues"/>
    <property name="user.timezone" value="America/Los_Angeles"/>
    <property name="os.name" value="Mac OS X"/>
    <property name="java.vm.specification.version" value="22"/>
    <property name="sun.java.launcher" value="SUN_STANDARD"/>
    <property name="user.country" value="US"/>
    <property name="sun.boot.library.path" value="/opt/homebrew/Cellar/openjdk/22.0.2/libexec/openjdk.jdk/Contents/Home/lib"/>
    <property name="sun.java.command" value="/Users/jrx/UCI Summer Program/Benchmarks-for-LLM/Kryo/target/surefire/surefirebooter-20240807000343924_19.jar /Users/jrx/UCI Summer Program/Benchmarks-for-LLM/Kryo/target/surefire 2024-08-07T00-03-43_881-jvmRun1 surefire-20240807000343924_17tmp surefire_1-20240807000343924_18tmp"/>
    <property name="jdk.debug" value="release"/>
    <property name="surefire.test.class.path" value="/Users/jrx/UCI Summer Program/Benchmarks-for-LLM/Kryo/target/test-classes:/Users/jrx/UCI Summer Program/Benchmarks-for-LLM/Kryo/target/classes:/Users/jrx/UCI Summer Program/Benchmarks-for-LLM/Kryo/target/kryo-5.6.1-SNAPSHOT.jar:/Users/jrx/.m2/repository/com/esotericsoftware/reflectasm/1.11.9/reflectasm-1.11.9.jar:/Users/jrx/.m2/repository/org/objenesis/objenesis/3.4/objenesis-3.4.jar:/Users/jrx/.m2/repository/com/esotericsoftware/minlog/1.3.1/minlog-1.3.1.jar:/Users/jrx/.m2/repository/org/junit/jupiter/junit-jupiter-api/5.10.3/junit-jupiter-api-5.10.3.jar:/Users/jrx/.m2/repository/org/opentest4j/opentest4j/1.3.0/opentest4j-1.3.0.jar:/Users/jrx/.m2/repository/org/junit/platform/junit-platform-commons/1.10.3/junit-platform-commons-1.10.3.jar:/Users/jrx/.m2/repository/org/apiguardian/apiguardian-api/1.1.2/apiguardian-api-1.1.2.jar:/Users/jrx/.m2/repository/org/junit/jupiter/junit-jupiter-engine/5.10.3/junit-jupiter-engine-5.10.3.jar:/Users/jrx/.m2/repository/org/junit/platform/junit-platform-engine/1.10.3/junit-platform-engine-1.10.3.jar:/Users/jrx/.m2/repository/org/junit/jupiter/junit-jupiter-params/5.10.3/junit-jupiter-params-5.10.3.jar:/Users/jrx/.m2/repository/org/apache/commons/commons-lang3/3.15.0/commons-lang3-3.15.0.jar:/Users/jrx/.m2/repository/org/jetbrains/kotlin/kotlin-stdlib/1.9.24/kotlin-stdlib-1.9.24.jar:/Users/jrx/.m2/repository/org/jetbrains/annotations/13.0/annotations-13.0.jar:"/>
    <property name="sun.cpu.endian" value="little"/>
    <property name="user.home" value="/Users/jrx"/>
    <property name="user.language" value="zh"/>
    <property name="java.specification.vendor" value="Oracle Corporation"/>
    <property name="java.version.date" value="2024-07-16"/>
    <property name="java.home" value="/opt/homebrew/Cellar/openjdk/22.0.2/libexec/openjdk.jdk/Contents/Home"/>
    <property name="file.separator" value="/"/>
    <property name="basedir" value="/Users/jrx/UCI Summer Program/Benchmarks-for-LLM/Kryo/main-versioned"/>
    <property name="java.vm.compressedOopsMode" value="Zero based"/>
    <property name="line.separator" value="&#10;"/>
    <property name="java.vm.specification.vendor" value="Oracle Corporation"/>
    <property name="java.specification.name" value="Java Platform API Specification"/>
    <property name="apple.awt.application.name" value="ForkedBooter"/>
    <property name="surefire.real.class.path" value="/Users/jrx/UCI Summer Program/Benchmarks-for-LLM/Kryo/target/surefire/surefirebooter-20240807000343924_19.jar"/>
    <property name="user.script" value="Hans"/>
    <property name="sun.management.compiler" value="HotSpot 64-Bit Tiered Compilers"/>
    <property name="java.runtime.version" value="22.0.2"/>
    <property name="user.name" value="jrx"/>
    <property name="stdout.encoding" value="UTF-8"/>
    <property name="path.separator" value=":"/>
    <property name="os.version" value="14.5"/>
    <property name="java.runtime.name" value="OpenJDK Runtime Environment"/>
    <property name="file.encoding" value="UTF-8"/>
    <property name="java.vm.name" value="OpenJDK 64-Bit Server VM"/>
    <property name="java.vendor.version" value="Homebrew"/>
    <property name="localRepository" value="/Users/jrx/.m2/repository"/>
    <property name="java.vendor.url.bug" value="https://github.com/Homebrew/homebrew-core/issues"/>
    <property name="java.io.tmpdir" value="/var/folders/g5/z_b16q895mj54nqb_w21k7q00000gn/T/"/>
    <property name="java.version" value="22.0.2"/>
    <property name="user.dir" value="/Users/jrx/UCI Summer Program/Benchmarks-for-LLM/Kryo/main-versioned"/>
    <property name="os.arch" value="aarch64"/>
    <property name="java.vm.specification.name" value="Java Virtual Machine Specification"/>
    <property name="native.encoding" value="UTF-8"/>
    <property name="java.library.path" value="/Users/jrx/Library/Java/Extensions:/Library/Java/Extensions:/Network/Library/Java/Extensions:/System/Library/Java/Extensions:/usr/lib/java:."/>
    <property name="java.vm.info" value="mixed mode, sharing"/>
    <property name="stderr.encoding" value="UTF-8"/>
    <property name="java.vendor" value="Homebrew"/>
    <property name="java.vm.version" value="22.0.2"/>
    <property name="sun.io.unicode.encoding" value="UnicodeBig"/>
    <property name="java.class.version" value="66.0"/>
  </properties>
  <testcase name="testLocalDateTime" classname="com.esotericsoftware.kryo.serializers.TimeSerializersTest" time="0.001"/>
  <testcase name="testZoneOffset" classname="com.esotericsoftware.kryo.serializers.TimeSerializersTest" time="0.001"/>
  <testcase name="testOffsetDateTime" classname="com.esotericsoftware.kryo.serializers.TimeSerializersTest" time="0.0"/>
  <testcase name="testOffsetTime" classname="com.esotericsoftware.kryo.serializers.TimeSerializersTest" time="0.001"/>
  <testcase name="testDuration" classname="com.esotericsoftware.kryo.serializers.TimeSerializersTest" time="0.0"/>
  <testcase name="testYear" classname="com.esotericsoftware.kryo.serializers.TimeSerializersTest" time="0.0"/>
  <testcase name="testLocalDate" classname="com.esotericsoftware.kryo.serializers.TimeSerializersTest" time="0.003"/>
  <testcase name="testLocalTime" classname="com.esotericsoftware.kryo.serializers.TimeSerializersTest" time="0.0"/>
  <testcase name="testYearMonth" classname="com.esotericsoftware.kryo.serializers.TimeSerializersTest" time="0.0"/>
  <testcase name="testMonthDay" classname="com.esotericsoftware.kryo.serializers.TimeSerializersTest" time="0.001"/>
  <testcase name="testZonedDateTime" classname="com.esotericsoftware.kryo.serializers.TimeSerializersTest" time="0.001"/>
  <testcase name="testInstant" classname="com.esotericsoftware.kryo.serializers.TimeSerializersTest" time="0.0"/>
  <testcase name="testPeriod" classname="com.esotericsoftware.kryo.serializers.TimeSerializersTest" time="0.001"/>
  <testcase name="testZoneId" classname="com.esotericsoftware.kryo.serializers.TimeSerializersTest" time="0.001"/>
</testsuite>